# JRE version: Java(TM) SE Runtime Environment (15.0+36) (build 15+36-1562)
# Java VM: Java HotSpot(TM) 64-Bit Server VM (15+36-1562, mixed mode, sharing, tiered, compressed oops, g1 gc, windows-amd64)
GC Precious Log:
 CPUs: 4 total, 4 available
 Memory: 12207M
 Large Page Support: Disabled
 NUMA Support: Disabled
 Compressed Oops: Enabled (32-bit)
 Heap Region Size: 1M
 Heap Min Capacity: 256M
 Heap Initial Capacity: 256M
 Heap Max Capacity: 512M
 Pre-touch: Disabled
 Parallel Workers: 4
 Concurrent Workers: 1
 Concurrent Refinement Workers: 4
 Periodic GC: Disabled
Heap:
 garbage-first heap   total 262144K, used 150200K [0x00000000e0000000, 0x0000000100000000)
  region size 1024K, 67 young (68608K), 12 survivors (12288K)
 Metaspace       used 81413K, capacity 83006K, committed 83152K, reserved 327680K
  class space    used 10361K, capacity 10838K, committed 10880K, reserved 253952K
GC Heap History (20 events):
Event: 2.237 GC heap before
{Heap before GC invocations=2 (full 0):
 garbage-first heap   total 262144K, used 31046K [0x00000000e0000000, 0x0000000100000000)
  region size 1024K, 24 young (24576K), 1 survivors (1024K)
 Metaspace       used 4002K, capacity 6533K, committed 6656K, reserved 262144K
  class space    used 477K, capacity 727K, committed 768K, reserved 253952K
}
Event: 2.242 GC heap after
{Heap after GC invocations=3 (full 0):
 garbage-first heap   total 262144K, used 11122K [0x00000000e0000000, 0x0000000100000000)
  region size 1024K, 3 young (3072K), 3 survivors (3072K)
 Metaspace       used 4002K, capacity 6533K, committed 6656K, reserved 262144K
  class space    used 477K, capacity 727K, committed 768K, reserved 253952K
}
Event: 5.764 GC heap before
{Heap before GC invocations=3 (full 0):
 garbage-first heap   total 262144K, used 106354K [0x00000000e0000000, 0x0000000100000000)
  region size 1024K, 97 young (99328K), 3 survivors (3072K)
 Metaspace       used 20789K, capacity 21150K, committed 21296K, reserved 272384K
  class space    used 2997K, capacity 3122K, committed 3200K, reserved 253952K
}
Event: 5.778 GC heap after
{Heap after GC invocations=4 (full 0):
 garbage-first heap   total 262144K, used 18861K [0x00000000e0000000, 0x0000000100000000)
  region size 1024K, 11 young (11264K), 11 survivors (11264K)
 Metaspace       used 20789K, capacity 21150K, committed 21296K, reserved 272384K
  class space    used 2997K, capacity 3122K, committed 3200K, reserved 253952K
}
Event: 12.628 GC heap before
{Heap before GC invocations=5 (full 0):
 garbage-first heap   total 262144K, used 116141K [0x00000000e0000000, 0x0000000100000000)
  region size 1024K, 104 young (106496K), 11 survivors (11264K)
 Metaspace       used 35201K, capacity 35818K, committed 35888K, reserved 286720K
  class space    used 4695K, capacity 4930K, committed 4992K, reserved 253952K
}
Event: 12.655 GC heap after
{Heap after GC invocations=6 (full 0):
 garbage-first heap   total 262144K, used 27993K [0x00000000e0000000, 0x0000000100000000)
  region size 1024K, 10 young (10240K), 10 survivors (10240K)
 Metaspace       used 35201K, capacity 35818K, committed 35888K, reserved 286720K
  class space    used 4695K, capacity 4930K, committed 4992K, reserved 253952K
}
Event: 15.443 GC heap before
{Heap before GC invocations=7 (full 0):
 garbage-first heap   total 262144K, used 132441K [0x00000000e0000000, 0x0000000100000000)
  region size 1024K, 110 young (112640K), 10 survivors (10240K)
 Metaspace       used 45290K, capacity 46062K, committed 46384K, reserved 294912K
  class space    used 5917K, capacity 6159K, committed 6272K, reserved 253952K
}
Event: 15.469 GC heap after
{Heap after GC invocations=8 (full 0):
 garbage-first heap   total 262144K, used 41984K [0x00000000e0000000, 0x0000000100000000)
  region size 1024K, 11 young (11264K), 11 survivors (11264K)
 Metaspace       used 45290K, capacity 46062K, committed 46384K, reserved 294912K
  class space    used 5917K, capacity 6159K, committed 6272K, reserved 253952K
}
Event: 22.950 GC heap before
{Heap before GC invocations=8 (full 0):
 garbage-first heap   total 262144K, used 188416K [0x00000000e0000000, 0x0000000100000000)
  region size 1024K, 153 young (156672K), 11 survivors (11264K)
 Metaspace       used 58346K, capacity 59400K, committed 59440K, reserved 307200K
  class space    used 7684K, capacity 8028K, committed 8064K, reserved 253952K
}
Event: 22.988 GC heap after
{Heap after GC invocations=9 (full 0):
 garbage-first heap   total 262144K, used 54272K [0x00000000e0000000, 0x0000000100000000)
  region size 1024K, 20 young (20480K), 20 survivors (20480K)
 Metaspace       used 58346K, capacity 59400K, committed 59440K, reserved 307200K
  class space    used 7684K, capacity 8028K, committed 8064K, reserved 253952K
}
Event: 23.233 GC heap before
{Heap before GC invocations=9 (full 0):
 garbage-first heap   total 262144K, used 63488K [0x00000000e0000000, 0x0000000100000000)
  region size 1024K, 30 young (30720K), 20 survivors (20480K)
 Metaspace       used 58999K, capacity 60108K, committed 60240K, reserved 307200K
  class space    used 7780K, capacity 8148K, committed 8192K, reserved 253952K
}
Event: 23.267 GC heap after
{Heap after GC invocations=10 (full 0):
 garbage-first heap   total 262144K, used 57530K [0x00000000e0000000, 0x0000000100000000)
  region size 1024K, 3 young (3072K), 3 survivors (3072K)
 Metaspace       used 58999K, capacity 60108K, committed 60240K, reserved 307200K
  class space    used 7780K, capacity 8148K, committed 8192K, reserved 253952K
}
Event: 27.604 GC heap before
{Heap before GC invocations=11 (full 0):
 garbage-first heap   total 262144K, used 187578K [0x00000000e0000000, 0x0000000100000000)
  region size 1024K, 131 young (134144K), 3 survivors (3072K)
 Metaspace       used 70571K, capacity 72118K, committed 72400K, reserved 317440K
  class space    used 9369K, capacity 9753K, committed 9856K, reserved 253952K
}
Event: 27.644 GC heap after
{Heap after GC invocations=12 (full 0):
 garbage-first heap   total 262144K, used 74752K [0x00000000e0000000, 0x0000000100000000)
  region size 1024K, 17 young (17408K), 17 survivors (17408K)
 Metaspace       used 70571K, capacity 72118K, committed 72400K, reserved 317440K
  class space    used 9369K, capacity 9753K, committed 9856K, reserved 253952K
}
Event: 31.103 GC heap before
{Heap before GC invocations=13 (full 0):
 garbage-first heap   total 262144K, used 192512K [0x00000000e0000000, 0x0000000100000000)
  region size 1024K, 133 young (136192K), 17 survivors (17408K)
 Metaspace       used 72962K, capacity 74493K, committed 74704K, reserved 319488K
  class space    used 9588K, capacity 10021K, committed 10112K, reserved 253952K
}
Event: 31.150 GC heap after
{Heap after GC invocations=14 (full 0):
 garbage-first heap   total 262144K, used 82419K [0x00000000e0000000, 0x0000000100000000)
  region size 1024K, 8 young (8192K), 8 survivors (8192K)
 Metaspace       used 72962K, capacity 74493K, committed 74704K, reserved 319488K
  class space    used 9588K, capacity 10021K, committed 10112K, reserved 253952K
}
Event: 34.065 GC heap before
{Heap before GC invocations=14 (full 0):
 garbage-first heap   total 262144K, used 199155K [0x00000000e0000000, 0x0000000100000000)
  region size 1024K, 123 young (125952K), 8 survivors (8192K)
 Metaspace       used 73608K, capacity 75161K, committed 75472K, reserved 319488K
  class space    used 9614K, capacity 10041K, committed 10112K, reserved 253952K
}
Event: 34.097 GC heap after
{Heap after GC invocations=15 (full 0):
 garbage-first heap   total 262144K, used 89075K [0x00000000e0000000, 0x0000000100000000)
  region size 1024K, 14 young (14336K), 14 survivors (14336K)
 Metaspace       used 73608K, capacity 75161K, committed 75472K, reserved 319488K
  class space    used 9614K, capacity 10041K, committed 10112K, reserved 253952K
}
Event: 782.915 GC heap before
{Heap before GC invocations=15 (full 0):
 garbage-first heap   total 262144K, used 205811K [0x00000000e0000000, 0x0000000100000000)
  region size 1024K, 127 young (130048K), 14 survivors (14336K)
 Metaspace       used 81104K, capacity 82750K, committed 82896K, reserved 327680K
  class space    used 10337K, capacity 10794K, committed 10880K, reserved 253952K
}
Event: 782.965 GC heap after
{Heap after GC invocations=16 (full 0):
 garbage-first heap   total 262144K, used 94904K [0x00000000e0000000, 0x0000000100000000)
  region size 1024K, 12 young (12288K), 12 survivors (12288K)
 Metaspace       used 81104K, capacity 82750K, committed 82896K, reserved 327680K
  class space    used 10337K, capacity 10794K, committed 10880K, reserved 253952K
}

