# JRE version: Java(TM) SE Runtime Environment (15.0+36) (build 15+36-1562)
# Java VM: Java HotSpot(TM) 64-Bit Server VM (15+36-1562, mixed mode, sharing, tiered, compressed oops, g1 gc, windows-amd64)
GC Precious Log:
 CPUs: 4 total, 4 available
 Memory: 12207M
 Large Page Support: Disabled
 NUMA Support: Disabled
 Compressed Oops: Enabled (32-bit)
 Heap Region Size: 1M
 Heap Min Capacity: 256M
 Heap Initial Capacity: 256M
 Heap Max Capacity: 512M
 Pre-touch: Disabled
 Parallel Workers: 4
 Concurrent Workers: 1
 Concurrent Refinement Workers: 4
 Periodic GC: Disabled
Heap:
 garbage-first heap   total 262144K, used 190300K [0x00000000e0000000, 0x0000000100000000)
  region size 1024K, 89 young (91136K), 8 survivors (8192K)
 Metaspace       used 82021K, capacity 83833K, committed 84016K, reserved 327680K
  class space    used 10601K, capacity 11136K, committed 11136K, reserved 253952K
GC Heap History (20 events):
Event: 1.267 GC heap before
{Heap before GC invocations=1 (full 0):
 garbage-first heap   total 262144K, used 19310K [0x00000000e0000000, 0x0000000100000000)
  region size 1024K, 13 young (13312K), 2 survivors (2048K)
 Metaspace       used 3861K, capacity 6533K, committed 6656K, reserved 262144K
  class space    used 474K, capacity 727K, committed 768K, reserved 253952K
}
Event: 1.271 GC heap after
{Heap after GC invocations=2 (full 0):
 garbage-first heap   total 262144K, used 8895K [0x00000000e0000000, 0x0000000100000000)
  region size 1024K, 1 young (1024K), 1 survivors (1024K)
 Metaspace       used 3861K, capacity 6533K, committed 6656K, reserved 262144K
  class space    used 474K, capacity 727K, committed 768K, reserved 253952K
}
Event: 2.272 GC heap before
{Heap before GC invocations=2 (full 0):
 garbage-first heap   total 262144K, used 31423K [0x00000000e0000000, 0x0000000100000000)
  region size 1024K, 24 young (24576K), 1 survivors (1024K)
 Metaspace       used 4021K, capacity 6533K, committed 6656K, reserved 262144K
  class space    used 477K, capacity 727K, committed 768K, reserved 253952K
}
Event: 2.276 GC heap after
{Heap after GC invocations=3 (full 0):
 garbage-first heap   total 262144K, used 11380K [0x00000000e0000000, 0x0000000100000000)
  region size 1024K, 3 young (3072K), 3 survivors (3072K)
 Metaspace       used 4021K, capacity 6533K, committed 6656K, reserved 262144K
  class space    used 477K, capacity 727K, committed 768K, reserved 253952K
}
Event: 5.557 GC heap before
{Heap before GC invocations=3 (full 0):
 garbage-first heap   total 262144K, used 105588K [0x00000000e0000000, 0x0000000100000000)
  region size 1024K, 96 young (98304K), 3 survivors (3072K)
 Metaspace       used 20771K, capacity 21150K, committed 21296K, reserved 272384K
  class space    used 2996K, capacity 3122K, committed 3200K, reserved 253952K
}
Event: 5.576 GC heap after
{Heap after GC invocations=4 (full 0):
 garbage-first heap   total 262144K, used 18995K [0x00000000e0000000, 0x0000000100000000)
  region size 1024K, 11 young (11264K), 11 survivors (11264K)
 Metaspace       used 20771K, capacity 21150K, committed 21296K, reserved 272384K
  class space    used 2996K, capacity 3122K, committed 3200K, reserved 253952K
}
Event: 38.090 GC heap before
{Heap before GC invocations=5 (full 0):
 garbage-first heap   total 262144K, used 119347K [0x00000000e0000000, 0x0000000100000000)
  region size 1024K, 107 young (109568K), 11 survivors (11264K)
 Metaspace       used 35128K, capacity 35867K, committed 35920K, reserved 286720K
  class space    used 4653K, capacity 4864K, committed 4864K, reserved 253952K
}
Event: 38.120 GC heap after
{Heap after GC invocations=6 (full 0):
 garbage-first heap   total 262144K, used 28060K [0x00000000e0000000, 0x0000000100000000)
  region size 1024K, 10 young (10240K), 10 survivors (10240K)
 Metaspace       used 35128K, capacity 35867K, committed 35920K, reserved 286720K
  class space    used 4653K, capacity 4864K, committed 4864K, reserved 253952K
}
Event: 42.806 GC heap before
{Heap before GC invocations=7 (full 0):
 garbage-first heap   total 262144K, used 177564K [0x00000000e0000000, 0x0000000100000000)
  region size 1024K, 153 young (156672K), 10 survivors (10240K)
 Metaspace       used 51713K, capacity 52683K, committed 53040K, reserved 301056K
  class space    used 6635K, capacity 6924K, committed 7040K, reserved 253952K
}
Event: 42.838 GC heap after
{Heap after GC invocations=8 (full 0):
 garbage-first heap   total 262144K, used 42976K [0x00000000e0000000, 0x0000000100000000)
  region size 1024K, 20 young (20480K), 20 survivors (20480K)
 Metaspace       used 51713K, capacity 52683K, committed 53040K, reserved 301056K
  class space    used 6635K, capacity 6924K, committed 7040K, reserved 253952K
}
Event: 50.291 GC heap before
{Heap before GC invocations=8 (full 0):
 garbage-first heap   total 262144K, used 145376K [0x00000000e0000000, 0x0000000100000000)
  region size 1024K, 121 young (123904K), 20 survivors (20480K)
 Metaspace       used 59085K, capacity 60257K, committed 60336K, reserved 307200K
  class space    used 7748K, capacity 8118K, committed 8192K, reserved 253952K
}
Event: 50.347 GC heap after
{Heap after GC invocations=9 (full 0):
 garbage-first heap   total 262144K, used 55100K [0x00000000e0000000, 0x0000000100000000)
  region size 1024K, 12 young (12288K), 12 survivors (12288K)
 Metaspace       used 59085K, capacity 60257K, committed 60336K, reserved 307200K
  class space    used 7748K, capacity 8118K, committed 8192K, reserved 253952K
}
Event: 54.918 GC heap before
{Heap before GC invocations=10 (full 0):
 garbage-first heap   total 262144K, used 202556K [0x00000000e0000000, 0x0000000100000000)
  region size 1024K, 152 young (155648K), 12 survivors (12288K)
 Metaspace       used 68050K, capacity 69793K, committed 70064K, reserved 315392K
  class space    used 8957K, capacity 9443K, committed 9472K, reserved 253952K
}
Event: 54.983 GC heap after
{Heap after GC invocations=11 (full 0):
 garbage-first heap   total 262144K, used 80384K [0x00000000e0000000, 0x0000000100000000)
  region size 1024K, 19 young (19456K), 19 survivors (19456K)
 Metaspace       used 68050K, capacity 69793K, committed 70064K, reserved 315392K
  class space    used 8957K, capacity 9443K, committed 9472K, reserved 253952K
}
Event: 58.923 GC heap before
{Heap before GC invocations=11 (full 0):
 garbage-first heap   total 262144K, used 196096K [0x00000000e0000000, 0x0000000100000000)
  region size 1024K, 133 young (136192K), 19 survivors (19456K)
 Metaspace       used 74716K, capacity 76596K, committed 76848K, reserved 321536K
  class space    used 9784K, capacity 10283K, committed 10368K, reserved 253952K
}
Event: 58.978 GC heap after
{Heap after GC invocations=12 (full 0):
 garbage-first heap   total 262144K, used 91648K [0x00000000e0000000, 0x0000000100000000)
  region size 1024K, 11 young (11264K), 11 survivors (11264K)
 Metaspace       used 74716K, capacity 76596K, committed 76848K, reserved 321536K
  class space    used 9784K, capacity 10283K, committed 10368K, reserved 253952K
}
Event: 62.310 GC heap before
{Heap before GC invocations=12 (full 0):
 garbage-first heap   total 262144K, used 200192K [0x00000000e0000000, 0x0000000100000000)
  region size 1024K, 118 young (120832K), 11 survivors (11264K)
 Metaspace       used 75699K, capacity 77439K, committed 77616K, reserved 321536K
  class space    used 9826K, capacity 10308K, committed 10368K, reserved 253952K
}
Event: 62.344 GC heap after
{Heap after GC invocations=13 (full 0):
 garbage-first heap   total 262144K, used 99840K [0x00000000e0000000, 0x0000000100000000)
  region size 1024K, 9 young (9216K), 9 survivors (9216K)
 Metaspace       used 75699K, capacity 77439K, committed 77616K, reserved 321536K
  class space    used 9826K, capacity 10308K, committed 10368K, reserved 253952K
}
Event: 64.862 GC heap before
{Heap before GC invocations=13 (full 0):
 garbage-first heap   total 262144K, used 203264K [0x00000000e0000000, 0x0000000100000000)
  region size 1024K, 111 young (113664K), 9 survivors (9216K)
 Metaspace       used 80625K, capacity 82503K, committed 82608K, reserved 325632K
  class space    used 10448K, capacity 10971K, committed 11008K, reserved 253952K
}
Event: 64.890 GC heap after
{Heap after GC invocations=14 (full 0):
 garbage-first heap   total 262144K, used 107356K [0x00000000e0000000, 0x0000000100000000)
  region size 1024K, 8 young (8192K), 8 survivors (8192K)
 Metaspace       used 80625K, capacity 82503K, committed 82608K, reserved 325632K
  class space    used 10448K, capacity 10971K, committed 11008K, reserved 253952K
}

