# JRE version: Java(TM) SE Runtime Environment (8.0_221-b11) (build 1.8.0_221-b11)
# Java VM: Java HotSpot(TM) 64-Bit Server VM (25.221-b11 mixed mode windows-amd64 compressed oops)
Heap:
 PSYoungGen      total 156672K, used 17296K [0x00000000f5580000, 0x0000000100000000, 0x0000000100000000)
  eden space 140800K, 2% used [0x00000000f5580000,0x00000000f5962720,0x00000000fdf00000)
  from space 15872K, 83% used [0x00000000ff080000,0x00000000ffd81940,0x0000000100000000)
  to   space 16896K, 0% used [0x00000000fdf00000,0x00000000fdf00000,0x00000000fef80000)
 ParOldGen       total 175104K, used 20915K [0x00000000e0000000, 0x00000000eab00000, 0x00000000f5580000)
  object space 175104K, 11% used [0x00000000e0000000,0x00000000e146cc58,0x00000000eab00000)
 Metaspace       used 48293K, capacity 49792K, committed 49920K, reserved 1093632K
  class space    used 6277K, capacity 6625K, committed 6656K, reserved 1048576K
GC Heap History (10 events):
Event: 17.698 GC heap before
{Heap before GC invocations=6 (full 1):
 PSYoungGen      total 141824K, used 131072K [0x00000000f5580000, 0x00000000fea80000, 0x0000000100000000)
  eden space 131072K, 100% used [0x00000000f5580000,0x00000000fd580000,0x00000000fd580000)
  from space 10752K, 0% used [0x00000000fe000000,0x00000000fe000000,0x00000000fea80000)
  to   space 10752K, 0% used [0x00000000fd580000,0x00000000fd580000,0x00000000fe000000)
 ParOldGen       total 175104K, used 7987K [0x00000000e0000000, 0x00000000eab00000, 0x00000000f5580000)
  object space 175104K, 4% used [0x00000000e0000000,0x00000000e07ccee0,0x00000000eab00000)
 Metaspace       used 34449K, capacity 35386K, committed 35416K, reserved 1079296K
  class space    used 4637K, capacity 4860K, committed 4864K, reserved 1048576K
Event: 17.725 GC heap after
Heap after GC invocations=6 (full 1):
 PSYoungGen      total 141824K, used 10743K [0x00000000f5580000, 0x0000000100000000, 0x0000000100000000)
  eden space 131072K, 0% used [0x00000000f5580000,0x00000000f5580000,0x00000000fd580000)
  from space 10752K, 99% used [0x00000000fd580000,0x00000000fdffde98,0x00000000fe000000)
  to   space 15872K, 0% used [0x00000000ff080000,0x00000000ff080000,0x0000000100000000)
 ParOldGen       total 175104K, used 11705K [0x00000000e0000000, 0x00000000eab00000, 0x00000000f5580000)
  object space 175104K, 6% used [0x00000000e0000000,0x00000000e0b6e748,0x00000000eab00000)
 Metaspace       used 34449K, capacity 35386K, committed 35416K, reserved 1079296K
  class space    used 4637K, capacity 4860K, committed 4864K, reserved 1048576K
}
Event: 17.726 GC heap before
{Heap before GC invocations=7 (full 1):
 PSYoungGen      total 141824K, used 11399K [0x00000000f5580000, 0x0000000100000000, 0x0000000100000000)
  eden space 131072K, 0% used [0x00000000f5580000,0x00000000f5623dc8,0x00000000fd580000)
  from space 10752K, 99% used [0x00000000fd580000,0x00000000fdffde98,0x00000000fe000000)
  to   space 15872K, 0% used [0x00000000ff080000,0x00000000ff080000,0x0000000100000000)
 ParOldGen       total 175104K, used 11705K [0x00000000e0000000, 0x00000000eab00000, 0x00000000f5580000)
  object space 175104K, 6% used [0x00000000e0000000,0x00000000e0b6e748,0x00000000eab00000)
 Metaspace       used 34449K, capacity 35386K, committed 35416K, reserved 1079296K
  class space    used 4637K, capacity 4860K, committed 4864K, reserved 1048576K
Event: 17.741 GC heap after
Heap after GC invocations=7 (full 1):
 PSYoungGen      total 159232K, used 10775K [0x00000000f5580000, 0x0000000100000000, 0x0000000100000000)
  eden space 143360K, 0% used [0x00000000f5580000,0x00000000f5580000,0x00000000fe180000)
  from space 15872K, 67% used [0x00000000ff080000,0x00000000ffb05cc0,0x0000000100000000)
  to   space 15360K, 0% used [0x00000000fe180000,0x00000000fe180000,0x00000000ff080000)
 ParOldGen       total 175104K, used 11705K [0x00000000e0000000, 0x00000000eab00000, 0x00000000f5580000)
  object space 175104K, 6% used [0x00000000e0000000,0x00000000e0b6e748,0x00000000eab00000)
 Metaspace       used 34449K, capacity 35386K, committed 35416K, reserved 1079296K
  class space    used 4637K, capacity 4860K, committed 4864K, reserved 1048576K
}
Event: 17.741 GC heap before
{Heap before GC invocations=8 (full 2):
 PSYoungGen      total 159232K, used 10775K [0x00000000f5580000, 0x0000000100000000, 0x0000000100000000)
  eden space 143360K, 0% used [0x00000000f5580000,0x00000000f5580000,0x00000000fe180000)
  from space 15872K, 67% used [0x00000000ff080000,0x00000000ffb05cc0,0x0000000100000000)
  to   space 15360K, 0% used [0x00000000fe180000,0x00000000fe180000,0x00000000ff080000)
 ParOldGen       total 175104K, used 11705K [0x00000000e0000000, 0x00000000eab00000, 0x00000000f5580000)
  object space 175104K, 6% used [0x00000000e0000000,0x00000000e0b6e748,0x00000000eab00000)
 Metaspace       used 34449K, capacity 35386K, committed 35416K, reserved 1079296K
  class space    used 4637K, capacity 4860K, committed 4864K, reserved 1048576K
Event: 17.838 GC heap after
Heap after GC invocations=8 (full 2):
 PSYoungGen      total 159232K, used 0K [0x00000000f5580000, 0x0000000100000000, 0x0000000100000000)
  eden space 143360K, 0% used [0x00000000f5580000,0x00000000f5580000,0x00000000fe180000)
  from space 15872K, 0% used [0x00000000ff080000,0x00000000ff080000,0x0000000100000000)
  to   space 15360K, 0% used [0x00000000fe180000,0x00000000fe180000,0x00000000ff080000)
 ParOldGen       total 175104K, used 20827K [0x00000000e0000000, 0x00000000eab00000, 0x00000000f5580000)
  object space 175104K, 11% used [0x00000000e0000000,0x00000000e1456c48,0x00000000eab00000)
 Metaspace       used 34344K, capacity 35196K, committed 35416K, reserved 1079296K
  class space    used 4616K, capacity 4818K, committed 4864K, reserved 1048576K
}
Event: 22.015 GC heap before
{Heap before GC invocations=9 (full 2):
 PSYoungGen      total 159232K, used 143360K [0x00000000f5580000, 0x0000000100000000, 0x0000000100000000)
  eden space 143360K, 100% used [0x00000000f5580000,0x00000000fe180000,0x00000000fe180000)
  from space 15872K, 0% used [0x00000000ff080000,0x00000000ff080000,0x0000000100000000)
  to   space 15360K, 0% used [0x00000000fe180000,0x00000000fe180000,0x00000000ff080000)
 ParOldGen       total 175104K, used 20827K [0x00000000e0000000, 0x00000000eab00000, 0x00000000f5580000)
  object space 175104K, 11% used [0x00000000e0000000,0x00000000e1456c48,0x00000000eab00000)
 Metaspace       used 42597K, capacity 44078K, committed 44288K, reserved 1087488K
  class space    used 5762K, capacity 6142K, committed 6144K, reserved 1048576K
Event: 22.044 GC heap after
Heap after GC invocations=9 (full 2):
 PSYoungGen      total 158720K, used 12815K [0x00000000f5580000, 0x0000000100000000, 0x0000000100000000)
  eden space 143360K, 0% used [0x00000000f5580000,0x00000000f5580000,0x00000000fe180000)
  from space 15360K, 83% used [0x00000000fe180000,0x00000000fee03c40,0x00000000ff080000)
  to   space 15872K, 0% used [0x00000000ff080000,0x00000000ff080000,0x0000000100000000)
 ParOldGen       total 175104K, used 20835K [0x00000000e0000000, 0x00000000eab00000, 0x00000000f5580000)
  object space 175104K, 11% used [0x00000000e0000000,0x00000000e1458c48,0x00000000eab00000)
 Metaspace       used 42597K, capacity 44078K, committed 44288K, reserved 1087488K
  class space    used 5762K, capacity 6142K, committed 6144K, reserved 1048576K
}
Event: 66.046 GC heap before
{Heap before GC invocations=10 (full 2):
 PSYoungGen      total 158720K, used 156175K [0x00000000f5580000, 0x0000000100000000, 0x0000000100000000)
  eden space 143360K, 100% used [0x00000000f5580000,0x00000000fe180000,0x00000000fe180000)
  from space 15360K, 83% used [0x00000000fe180000,0x00000000fee03c40,0x00000000ff080000)
  to   space 15872K, 0% used [0x00000000ff080000,0x00000000ff080000,0x0000000100000000)
 ParOldGen       total 175104K, used 20835K [0x00000000e0000000, 0x00000000eab00000, 0x00000000f5580000)
  object space 175104K, 11% used [0x00000000e0000000,0x00000000e1458c48,0x00000000eab00000)
 Metaspace       used 48289K, capacity 49792K, committed 49920K, reserved 1093632K
  class space    used 6277K, capacity 6625K, committed 6656K, reserved 1048576K
Event: 66.068 GC heap after
Heap after GC invocations=10 (full 2):
 PSYoungGen      total 156672K, used 13318K [0x00000000f5580000, 0x0000000100000000, 0x0000000100000000)
  eden space 140800K, 0% used [0x00000000f5580000,0x00000000f5580000,0x00000000fdf00000)
  from space 15872K, 83% used [0x00000000ff080000,0x00000000ffd81940,0x0000000100000000)
  to   space 16896K, 0% used [0x00000000fdf00000,0x00000000fdf00000,0x00000000fef80000)
 ParOldGen       total 175104K, used 20915K [0x00000000e0000000, 0x00000000eab00000, 0x00000000f5580000)
  object space 175104K, 11% used [0x00000000e0000000,0x00000000e146cc58,0x00000000eab00000)
 Metaspace       used 48289K, capacity 49792K, committed 49920K, reserved 1093632K
  class space    used 6277K, capacity 6625K, committed 6656K, reserved 1048576K
}

