# JRE version: Java(TM) SE Runtime Environment (15.0+36) (build 15+36-1562)
# Java VM: Java HotSpot(TM) 64-Bit Server VM (15+36-1562, mixed mode, sharing, tiered, compressed oops, g1 gc, windows-amd64)
GC Precious Log:
 CPUs: 4 total, 4 available
 Memory: 12207M
 Large Page Support: Disabled
 NUMA Support: Disabled
 Compressed Oops: Enabled (32-bit)
 Heap Region Size: 1M
 Heap Min Capacity: 256M
 Heap Initial Capacity: 256M
 Heap Max Capacity: 512M
 Pre-touch: Disabled
 Parallel Workers: 4
 Concurrent Workers: 1
 Concurrent Refinement Workers: 4
 Periodic GC: Disabled
Heap:
 garbage-first heap   total 348160K, used 118396K [0x00000000e0000000, 0x0000000100000000)
  region size 1024K, 7 young (7168K), 3 survivors (3072K)
 Metaspace       used 123577K, capacity 126788K, committed 127440K, reserved 366592K
  class space    used 14875K, capacity 15818K, committed 16000K, reserved 253952K
GC Heap History (20 events):
Event: 36922.690 GC heap before
{Heap before GC invocations=133 (full 0):
 garbage-first heap   total 348160K, used 274725K [0x00000000e0000000, 0x0000000100000000)
  region size 1024K, 173 young (177152K), 23 survivors (23552K)
 Metaspace       used 119516K, capacity 122681K, committed 122960K, reserved 362496K
  class space    used 14592K, capacity 15580K, committed 15616K, reserved 253952K
}
Event: 36922.744 GC heap after
{Heap after GC invocations=134 (full 0):
 garbage-first heap   total 348160K, used 118914K [0x00000000e0000000, 0x0000000100000000)
  region size 1024K, 12 young (12288K), 12 survivors (12288K)
 Metaspace       used 119516K, capacity 122681K, committed 122960K, reserved 362496K
  class space    used 14592K, capacity 15580K, committed 15616K, reserved 253952K
}
Event: 36924.602 GC heap before
{Heap before GC invocations=135 (full 0):
 garbage-first heap   total 348160K, used 272514K [0x00000000e0000000, 0x0000000100000000)
  region size 1024K, 163 young (166912K), 12 survivors (12288K)
 Metaspace       used 119538K, capacity 122694K, committed 122960K, reserved 362496K
  class space    used 14593K, capacity 15582K, committed 15616K, reserved 253952K
}
Event: 36924.657 GC heap after
{Heap after GC invocations=136 (full 0):
 garbage-first heap   total 348160K, used 124612K [0x00000000e0000000, 0x0000000100000000)
  region size 1024K, 7 young (7168K), 7 survivors (7168K)
 Metaspace       used 119538K, capacity 122694K, committed 122960K, reserved 362496K
  class space    used 14593K, capacity 15582K, committed 15616K, reserved 253952K
}
Event: 41917.496 GC heap before
{Heap before GC invocations=136 (full 0):
 garbage-first heap   total 348160K, used 277188K [0x00000000e0000000, 0x0000000100000000)
  region size 1024K, 157 young (160768K), 7 survivors (7168K)
 Metaspace       used 119573K, capacity 122721K, committed 122960K, reserved 362496K
  class space    used 14597K, capacity 15590K, committed 15616K, reserved 253952K
}
Event: 41917.526 GC heap after
{Heap after GC invocations=137 (full 0):
 garbage-first heap   total 348160K, used 127545K [0x00000000e0000000, 0x0000000100000000)
  region size 1024K, 10 young (10240K), 10 survivors (10240K)
 Metaspace       used 119573K, capacity 122721K, committed 122960K, reserved 362496K
  class space    used 14597K, capacity 15590K, committed 15616K, reserved 253952K
}
Event: 41920.486 GC heap before
{Heap before GC invocations=138 (full 0):
 garbage-first heap   total 348160K, used 279097K [0x00000000e0000000, 0x0000000100000000)
  region size 1024K, 160 young (163840K), 10 survivors (10240K)
 Metaspace       used 119416K, capacity 122478K, committed 122960K, reserved 362496K
  class space    used 14554K, capacity 15516K, committed 15616K, reserved 253952K
}
Event: 41920.533 GC heap after
{Heap after GC invocations=139 (full 0):
 garbage-first heap   total 348160K, used 137752K [0x00000000e0000000, 0x0000000100000000)
  region size 1024K, 20 young (20480K), 20 survivors (20480K)
 Metaspace       used 119416K, capacity 122478K, committed 122960K, reserved 362496K
  class space    used 14554K, capacity 15516K, committed 15616K, reserved 253952K
}
Event: 41920.539 GC heap before
{Heap before GC invocations=139 (full 0):
 garbage-first heap   total 348160K, used 138776K [0x00000000e0000000, 0x0000000100000000)
  region size 1024K, 21 young (21504K), 20 survivors (20480K)
 Metaspace       used 119416K, capacity 122478K, committed 122960K, reserved 362496K
  class space    used 14554K, capacity 15516K, committed 15616K, reserved 253952K
}
Event: 41920.633 GC heap after
{Heap after GC invocations=140 (full 0):
 garbage-first heap   total 348160K, used 116109K [0x00000000e0000000, 0x0000000100000000)
  region size 1024K, 2 young (2048K), 2 survivors (2048K)
 Metaspace       used 119416K, capacity 122478K, committed 122960K, reserved 362496K
  class space    used 14554K, capacity 15516K, committed 15616K, reserved 253952K
}
Event: 43278.843 GC heap before
{Heap before GC invocations=140 (full 0):
 garbage-first heap   total 348160K, used 275853K [0x00000000e0000000, 0x0000000100000000)
  region size 1024K, 159 young (162816K), 2 survivors (2048K)
 Metaspace       used 119634K, capacity 122850K, committed 122960K, reserved 362496K
  class space    used 14601K, capacity 15589K, committed 15616K, reserved 253952K
}
Event: 43278.888 GC heap after
{Heap after GC invocations=141 (full 0):
 garbage-first heap   total 348160K, used 129052K [0x00000000e0000000, 0x0000000100000000)
  region size 1024K, 15 young (15360K), 15 survivors (15360K)
 Metaspace       used 119634K, capacity 122850K, committed 122960K, reserved 362496K
  class space    used 14601K, capacity 15589K, committed 15616K, reserved 253952K
}
Event: 43280.332 GC heap before
{Heap before GC invocations=142 (full 0):
 garbage-first heap   total 348160K, used 267292K [0x00000000e0000000, 0x0000000100000000)
  region size 1024K, 159 young (162816K), 15 survivors (15360K)
 Metaspace       used 119575K, capacity 122753K, committed 122960K, reserved 362496K
  class space    used 14585K, capacity 15561K, committed 15616K, reserved 253952K
}
Event: 43280.376 GC heap after
{Heap after GC invocations=143 (full 0):
 garbage-first heap   total 348160K, used 126520K [0x00000000e0000000, 0x0000000100000000)
  region size 1024K, 6 young (6144K), 6 survivors (6144K)
 Metaspace       used 119575K, capacity 122753K, committed 122960K, reserved 362496K
  class space    used 14585K, capacity 15561K, committed 15616K, reserved 253952K
}
Event: 46858.672 GC heap before
{Heap before GC invocations=143 (full 0):
 garbage-first heap   total 348160K, used 279096K [0x00000000e0000000, 0x0000000100000000)
  region size 1024K, 156 young (159744K), 6 survivors (6144K)
 Metaspace       used 122446K, capacity 125680K, committed 125776K, reserved 364544K
  class space    used 14848K, capacity 15844K, committed 15872K, reserved 253952K
}
Event: 46858.718 GC heap after
{Heap after GC invocations=144 (full 0):
 garbage-first heap   total 348160K, used 134712K [0x00000000e0000000, 0x0000000100000000)
  region size 1024K, 14 young (14336K), 14 survivors (14336K)
 Metaspace       used 122446K, capacity 125680K, committed 125776K, reserved 364544K
  class space    used 14848K, capacity 15844K, committed 15872K, reserved 253952K
}
Event: 47039.839 GC heap before
{Heap before GC invocations=145 (full 0):
 garbage-first heap   total 348160K, used 281144K [0x00000000e0000000, 0x0000000100000000)
  region size 1024K, 158 young (161792K), 14 survivors (14336K)
 Metaspace       used 123353K, capacity 126532K, committed 127184K, reserved 366592K
  class space    used 14871K, capacity 15818K, committed 16000K, reserved 253952K
}
Event: 47039.884 GC heap after
{Heap after GC invocations=146 (full 0):
 garbage-first heap   total 348160K, used 136487K [0x00000000e0000000, 0x0000000100000000)
  region size 1024K, 12 young (12288K), 12 survivors (12288K)
 Metaspace       used 123353K, capacity 126532K, committed 127184K, reserved 366592K
  class space    used 14871K, capacity 15818K, committed 16000K, reserved 253952K
}
Event: 47051.320 GC heap before
{Heap before GC invocations=146 (full 0):
 garbage-first heap   total 348160K, used 140583K [0x00000000e0000000, 0x0000000100000000)
  region size 1024K, 17 young (17408K), 12 survivors (12288K)
 Metaspace       used 123353K, capacity 126532K, committed 127184K, reserved 366592K
  class space    used 14871K, capacity 15818K, committed 16000K, reserved 253952K
}
Event: 47051.398 GC heap after
{Heap after GC invocations=147 (full 0):
 garbage-first heap   total 348160K, used 111275K [0x00000000e0000000, 0x0000000100000000)
  region size 1024K, 2 young (2048K), 2 survivors (2048K)
 Metaspace       used 123353K, capacity 126532K, committed 127184K, reserved 366592K
  class space    used 14871K, capacity 15818K, committed 16000K, reserved 253952K
}

