# JRE version: Java(TM) SE Runtime Environment (15.0+36) (build 15+36-1562)
# Java VM: Java HotSpot(TM) 64-Bit Server VM (15+36-1562, mixed mode, sharing, tiered, compressed oops, g1 gc, windows-amd64)
GC Precious Log:
 CPUs: 4 total, 4 available
 Memory: 12207M
 Large Page Support: Disabled
 NUMA Support: Disabled
 Compressed Oops: Enabled (32-bit)
 Heap Region Size: 1M
 Heap Min Capacity: 256M
 Heap Initial Capacity: 256M
 Heap Max Capacity: 512M
 Pre-touch: Disabled
 Parallel Workers: 4
 Concurrent Workers: 1
 Concurrent Refinement Workers: 4
 Periodic GC: Disabled
Heap:
 garbage-first heap   total 262144K, used 142336K [0x00000000e0000000, 0x0000000100000000)
  region size 1024K, 15 young (15360K), 4 survivors (4096K)
 Metaspace       used 87108K, capacity 89282K, committed 89552K, reserved 333824K
  class space    used 10963K, capacity 11616K, committed 11648K, reserved 253952K
GC Heap History (20 events):
Event: 33.681 GC heap before
{Heap before GC invocations=11 (full 0):
 garbage-first heap   total 262144K, used 187904K [0x00000000e0000000, 0x0000000100000000)
  region size 1024K, 131 young (134144K), 3 survivors (3072K)
 Metaspace       used 71132K, capacity 72635K, committed 72784K, reserved 317440K
  class space    used 9465K, capacity 9869K, committed 9984K, reserved 253952K
}
Event: 33.720 GC heap after
{Heap after GC invocations=12 (full 0):
 garbage-first heap   total 262144K, used 75264K [0x00000000e0000000, 0x0000000100000000)
  region size 1024K, 17 young (17408K), 17 survivors (17408K)
 Metaspace       used 71132K, capacity 72635K, committed 72784K, reserved 317440K
  class space    used 9465K, capacity 9869K, committed 9984K, reserved 253952K
}
Event: 39.272 GC heap before
{Heap before GC invocations=13 (full 0):
 garbage-first heap   total 262144K, used 192000K [0x00000000e0000000, 0x0000000100000000)
  region size 1024K, 132 young (135168K), 17 survivors (17408K)
 Metaspace       used 75864K, capacity 77404K, committed 77520K, reserved 321536K
  class space    used 9941K, capacity 10345K, committed 10368K, reserved 253952K
}
Event: 39.324 GC heap after
{Heap after GC invocations=14 (full 0):
 garbage-first heap   total 262144K, used 83821K [0x00000000e0000000, 0x0000000100000000)
  region size 1024K, 8 young (8192K), 8 survivors (8192K)
 Metaspace       used 75864K, capacity 77404K, committed 77520K, reserved 321536K
  class space    used 9941K, capacity 10345K, committed 10368K, reserved 253952K
}
Event: 47.927 GC heap before
{Heap before GC invocations=14 (full 0):
 garbage-first heap   total 262144K, used 198509K [0x00000000e0000000, 0x0000000100000000)
  region size 1024K, 121 young (123904K), 8 survivors (8192K)
 Metaspace       used 76490K, capacity 77970K, committed 78032K, reserved 323584K
  class space    used 9950K, capacity 10354K, committed 10368K, reserved 253952K
}
Event: 47.954 GC heap after
{Heap after GC invocations=15 (full 0):
 garbage-first heap   total 262144K, used 89385K [0x00000000e0000000, 0x0000000100000000)
  region size 1024K, 14 young (14336K), 14 survivors (14336K)
 Metaspace       used 76490K, capacity 77970K, committed 78032K, reserved 323584K
  class space    used 9950K, capacity 10354K, committed 10368K, reserved 253952K
}
Event: 49.999 GC heap before
{Heap before GC invocations=15 (full 0):
 garbage-first heap   total 262144K, used 203049K [0x00000000e0000000, 0x0000000100000000)
  region size 1024K, 126 young (129024K), 14 survivors (14336K)
 Metaspace       used 77044K, capacity 78630K, committed 78928K, reserved 323584K
  class space    used 10012K, capacity 10403K, committed 10496K, reserved 253952K
}
Event: 50.029 GC heap after
{Heap after GC invocations=16 (full 0):
 garbage-first heap   total 262144K, used 94208K [0x00000000e0000000, 0x0000000100000000)
  region size 1024K, 11 young (11264K), 11 survivors (11264K)
 Metaspace       used 77044K, capacity 78630K, committed 78928K, reserved 323584K
  class space    used 10012K, capacity 10403K, committed 10496K, reserved 253952K
}
Event: 887.969 GC heap before
{Heap before GC invocations=16 (full 0):
 garbage-first heap   total 262144K, used 209920K [0x00000000e0000000, 0x0000000100000000)
  region size 1024K, 123 young (125952K), 11 survivors (11264K)
 Metaspace       used 85022K, capacity 86845K, committed 86864K, reserved 329728K
  class space    used 10769K, capacity 11259K, committed 11264K, reserved 253952K
}
Event: 888.039 GC heap after
{Heap after GC invocations=17 (full 0):
 garbage-first heap   total 262144K, used 107520K [0x00000000e0000000, 0x0000000100000000)
  region size 1024K, 16 young (16384K), 16 survivors (16384K)
 Metaspace       used 85022K, capacity 86845K, committed 86864K, reserved 329728K
  class space    used 10769K, capacity 11259K, committed 11264K, reserved 253952K
}
Event: 893.652 GC heap before
{Heap before GC invocations=17 (full 0):
 garbage-first heap   total 262144K, used 206848K [0x00000000e0000000, 0x0000000100000000)
  region size 1024K, 114 young (116736K), 16 survivors (16384K)
 Metaspace       used 85614K, capacity 87592K, committed 87760K, reserved 331776K
  class space    used 10822K, capacity 11358K, committed 11392K, reserved 253952K
}
Event: 893.696 GC heap after
{Heap after GC invocations=18 (full 0):
 garbage-first heap   total 262144K, used 113664K [0x00000000e0000000, 0x0000000100000000)
  region size 1024K, 6 young (6144K), 6 survivors (6144K)
 Metaspace       used 85614K, capacity 87592K, committed 87760K, reserved 331776K
  class space    used 10822K, capacity 11358K, committed 11392K, reserved 253952K
}
Event: 903.175 GC heap before
{Heap before GC invocations=18 (full 0):
 garbage-first heap   total 262144K, used 210944K [0x00000000e0000000, 0x0000000100000000)
  region size 1024K, 102 young (104448K), 6 survivors (6144K)
 Metaspace       used 85838K, capacity 87796K, committed 88016K, reserved 331776K
  class space    used 10835K, capacity 11381K, committed 11392K, reserved 253952K
}
Event: 903.197 GC heap after
{Heap after GC invocations=19 (full 0):
 garbage-first heap   total 262144K, used 116470K [0x00000000e0000000, 0x0000000100000000)
  region size 1024K, 9 young (9216K), 9 survivors (9216K)
 Metaspace       used 85838K, capacity 87796K, committed 88016K, reserved 331776K
  class space    used 10835K, capacity 11381K, committed 11392K, reserved 253952K
}
Event: 1146.935 GC heap before
{Heap before GC invocations=19 (full 0):
 garbage-first heap   total 262144K, used 213749K [0x00000000e0000000, 0x0000000100000000)
  region size 1024K, 105 young (107520K), 9 survivors (9216K)
 Metaspace       used 86579K, capacity 88734K, committed 89040K, reserved 331776K
  class space    used 10928K, capacity 11550K, committed 11648K, reserved 253952K
}
Event: 1146.973 GC heap after
{Heap after GC invocations=20 (full 0):
 garbage-first heap   total 262144K, used 123048K [0x00000000e0000000, 0x0000000100000000)
  region size 1024K, 11 young (11264K), 11 survivors (11264K)
 Metaspace       used 86579K, capacity 88734K, committed 89040K, reserved 331776K
  class space    used 10928K, capacity 11550K, committed 11648K, reserved 253952K
}
Event: 1150.253 GC heap before
{Heap before GC invocations=20 (full 0):
 garbage-first heap   total 262144K, used 213160K [0x00000000e0000000, 0x0000000100000000)
  region size 1024K, 100 young (102400K), 11 survivors (11264K)
 Metaspace       used 86919K, capacity 89073K, committed 89296K, reserved 331776K
  class space    used 10952K, capacity 11596K, committed 11648K, reserved 253952K
}
Event: 1150.294 GC heap after
{Heap after GC invocations=21 (full 0):
 garbage-first heap   total 262144K, used 130288K [0x00000000e0000000, 0x0000000100000000)
  region size 1024K, 8 young (8192K), 8 survivors (8192K)
 Metaspace       used 86919K, capacity 89073K, committed 89296K, reserved 331776K
  class space    used 10952K, capacity 11596K, committed 11648K, reserved 253952K
}
Event: 1159.030 GC heap before
{Heap before GC invocations=21 (full 0):
 garbage-first heap   total 262144K, used 214256K [0x00000000e0000000, 0x0000000100000000)
  region size 1024K, 91 young (93184K), 8 survivors (8192K)
 Metaspace       used 87067K, capacity 89225K, committed 89296K, reserved 331776K
  class space    used 10955K, capacity 11601K, committed 11648K, reserved 253952K
}
Event: 1159.061 GC heap after
{Heap after GC invocations=22 (full 0):
 garbage-first heap   total 262144K, used 133120K [0x00000000e0000000, 0x0000000100000000)
  region size 1024K, 4 young (4096K), 4 survivors (4096K)
 Metaspace       used 87067K, capacity 89225K, committed 89296K, reserved 331776K
  class space    used 10955K, capacity 11601K, committed 11648K, reserved 253952K
}

