# JRE version: Java(TM) SE Runtime Environment (15.0+36) (build 15+36-1562)
# Java VM: Java HotSpot(TM) 64-Bit Server VM (15+36-1562, mixed mode, sharing, tiered, compressed oops, g1 gc, windows-amd64)
GC Precious Log:
 CPUs: 4 total, 4 available
 Memory: 12207M
 Large Page Support: Disabled
 NUMA Support: Disabled
 Compressed Oops: Enabled (32-bit)
 Heap Region Size: 1M
 Heap Min Capacity: 256M
 Heap Initial Capacity: 256M
 Heap Max Capacity: 512M
 Pre-touch: Disabled
 Parallel Workers: 4
 Concurrent Workers: 1
 Concurrent Refinement Workers: 4
 Periodic GC: Disabled
Heap:
 garbage-first heap   total 262144K, used 139415K [0x00000000e0000000, 0x0000000100000000)
  region size 1024K, 11 young (11264K), 4 survivors (4096K)
 Metaspace       used 87698K, capacity 89872K, committed 90576K, reserved 333824K
  class space    used 10892K, capacity 11483K, committed 11648K, reserved 253952K
GC Heap History (20 events):
Event: 926.832 GC heap before
{Heap before GC invocations=19 (full 0):
 garbage-first heap   total 262144K, used 212461K [0x00000000e0000000, 0x0000000100000000)
  region size 1024K, 88 young (90112K), 5 survivors (5120K)
 Metaspace       used 83954K, capacity 86243K, committed 86480K, reserved 329728K
  class space    used 10606K, capacity 11270K, committed 11392K, reserved 253952K
}
Event: 926.851 GC heap after
{Heap after GC invocations=20 (full 0):
 garbage-first heap   total 262144K, used 129517K [0x00000000e0000000, 0x0000000100000000)
  region size 1024K, 6 young (6144K), 6 survivors (6144K)
 Metaspace       used 83954K, capacity 86243K, committed 86480K, reserved 329728K
  class space    used 10606K, capacity 11270K, committed 11392K, reserved 253952K
}
Event: 1119.768 GC heap before
{Heap before GC invocations=21 (full 0):
 garbage-first heap   total 262144K, used 210413K [0x00000000e0000000, 0x0000000100000000)
  region size 1024K, 91 young (93184K), 6 survivors (6144K)
 Metaspace       used 84164K, capacity 86432K, committed 86736K, reserved 329728K
  class space    used 10599K, capacity 11252K, committed 11392K, reserved 253952K
}
Event: 1119.806 GC heap after
{Heap after GC invocations=22 (full 0):
 garbage-first heap   total 262144K, used 134960K [0x00000000e0000000, 0x0000000100000000)
  region size 1024K, 12 young (12288K), 12 survivors (12288K)
 Metaspace       used 84164K, capacity 86432K, committed 86736K, reserved 329728K
  class space    used 10599K, capacity 11252K, committed 11392K, reserved 253952K
}
Event: 1119.828 GC heap before
{Heap before GC invocations=22 (full 0):
 garbage-first heap   total 262144K, used 135984K [0x00000000e0000000, 0x0000000100000000)
  region size 1024K, 13 young (13312K), 12 survivors (12288K)
 Metaspace       used 84164K, capacity 86432K, committed 86736K, reserved 329728K
  class space    used 10599K, capacity 11252K, committed 11392K, reserved 253952K
}
Event: 1119.870 GC heap after
{Heap after GC invocations=23 (full 0):
 garbage-first heap   total 262144K, used 115239K [0x00000000e0000000, 0x0000000100000000)
  region size 1024K, 2 young (2048K), 2 survivors (2048K)
 Metaspace       used 84164K, capacity 86432K, committed 86736K, reserved 329728K
  class space    used 10599K, capacity 11252K, committed 11392K, reserved 253952K
}
Event: 1120.087 GC heap before
{Heap before GC invocations=23 (full 0):
 garbage-first heap   total 262144K, used 124455K [0x00000000e0000000, 0x0000000100000000)
  region size 1024K, 12 young (12288K), 2 survivors (2048K)
 Metaspace       used 84175K, capacity 86432K, committed 86736K, reserved 329728K
  class space    used 10599K, capacity 11252K, committed 11392K, reserved 253952K
}
Event: 1120.141 GC heap after
{Heap after GC invocations=24 (full 0):
 garbage-first heap   total 262144K, used 103444K [0x00000000e0000000, 0x0000000100000000)
  region size 1024K, 1 young (1024K), 1 survivors (1024K)
 Metaspace       used 84175K, capacity 86432K, committed 86736K, reserved 329728K
  class space    used 10599K, capacity 11252K, committed 11392K, reserved 253952K
}
Event: 1124.024 GC heap before
{Heap before GC invocations=24 (full 0):
 garbage-first heap   total 262144K, used 206868K [0x00000000e0000000, 0x0000000100000000)
  region size 1024K, 103 young (105472K), 1 survivors (1024K)
 Metaspace       used 84308K, capacity 86520K, committed 86736K, reserved 329728K
  class space    used 10602K, capacity 11257K, committed 11392K, reserved 253952K
}
Event: 1124.037 GC heap after
{Heap after GC invocations=25 (full 0):
 garbage-first heap   total 262144K, used 107592K [0x00000000e0000000, 0x0000000100000000)
  region size 1024K, 5 young (5120K), 5 survivors (5120K)
 Metaspace       used 84308K, capacity 86520K, committed 86736K, reserved 329728K
  class space    used 10602K, capacity 11257K, committed 11392K, reserved 253952K
}
Event: 1207.044 GC heap before
{Heap before GC invocations=25 (full 0):
 garbage-first heap   total 262144K, used 209992K [0x00000000e0000000, 0x0000000100000000)
  region size 1024K, 106 young (108544K), 5 survivors (5120K)
 Metaspace       used 84551K, capacity 86849K, committed 86992K, reserved 329728K
  class space    used 10603K, capacity 11259K, committed 11392K, reserved 253952K
}
Event: 1207.080 GC heap after
{Heap after GC invocations=26 (full 0):
 garbage-first heap   total 262144K, used 118672K [0x00000000e0000000, 0x0000000100000000)
  region size 1024K, 14 young (14336K), 14 survivors (14336K)
 Metaspace       used 84551K, capacity 86849K, committed 86992K, reserved 329728K
  class space    used 10603K, capacity 11259K, committed 11392K, reserved 253952K
}
Event: 1210.402 GC heap before
{Heap before GC invocations=26 (full 0):
 garbage-first heap   total 262144K, used 207760K [0x00000000e0000000, 0x0000000100000000)
  region size 1024K, 102 young (104448K), 14 survivors (14336K)
 Metaspace       used 84648K, capacity 86913K, committed 87248K, reserved 331776K
  class space    used 10603K, capacity 11259K, committed 11392K, reserved 253952K
}
Event: 1210.439 GC heap after
{Heap after GC invocations=27 (full 0):
 garbage-first heap   total 262144K, used 123392K [0x00000000e0000000, 0x0000000100000000)
  region size 1024K, 6 young (6144K), 6 survivors (6144K)
 Metaspace       used 84648K, capacity 86913K, committed 87248K, reserved 331776K
  class space    used 10603K, capacity 11259K, committed 11392K, reserved 253952K
}
Event: 1211.901 GC heap before
{Heap before GC invocations=27 (full 0):
 garbage-first heap   total 262144K, used 210432K [0x00000000e0000000, 0x0000000100000000)
  region size 1024K, 92 young (94208K), 6 survivors (6144K)
 Metaspace       used 84659K, capacity 86913K, committed 87248K, reserved 331776K
  class space    used 10604K, capacity 11259K, committed 11392K, reserved 253952K
}
Event: 1211.916 GC heap after
{Heap after GC invocations=28 (full 0):
 garbage-first heap   total 262144K, used 124217K [0x00000000e0000000, 0x0000000100000000)
  region size 1024K, 7 young (7168K), 7 survivors (7168K)
 Metaspace       used 84659K, capacity 86913K, committed 87248K, reserved 331776K
  class space    used 10604K, capacity 11259K, committed 11392K, reserved 253952K
}
Event: 1889.253 GC heap before
{Heap before GC invocations=28 (full 0):
 garbage-first heap   total 262144K, used 214329K [0x00000000e0000000, 0x0000000100000000)
  region size 1024K, 96 young (98304K), 7 survivors (7168K)
 Metaspace       used 87914K, capacity 90256K, committed 90320K, reserved 333824K
  class space    used 10987K, capacity 11641K, committed 11648K, reserved 253952K
}
Event: 1889.290 GC heap after
{Heap after GC invocations=29 (full 0):
 garbage-first heap   total 262144K, used 135556K [0x00000000e0000000, 0x0000000100000000)
  region size 1024K, 12 young (12288K), 12 survivors (12288K)
 Metaspace       used 87914K, capacity 90256K, committed 90320K, reserved 333824K
  class space    used 10987K, capacity 11641K, committed 11648K, reserved 253952K
}
Event: 1894.476 GC heap before
{Heap before GC invocations=29 (full 0):
 garbage-first heap   total 262144K, used 210308K [0x00000000e0000000, 0x0000000100000000)
  region size 1024K, 86 young (88064K), 12 survivors (12288K)
 Metaspace       used 88044K, capacity 90390K, committed 90576K, reserved 333824K
  class space    used 10993K, capacity 11642K, committed 11648K, reserved 253952K
}
Event: 1894.508 GC heap after
{Heap after GC invocations=30 (full 0):
 garbage-first heap   total 262144K, used 139415K [0x00000000e0000000, 0x0000000100000000)
  region size 1024K, 4 young (4096K), 4 survivors (4096K)
 Metaspace       used 88044K, capacity 90390K, committed 90576K, reserved 333824K
  class space    used 10993K, capacity 11642K, committed 11648K, reserved 253952K
}

