# JRE version: Java(TM) SE Runtime Environment (15.0+36) (build 15+36-1562)
# Java VM: Java HotSpot(TM) 64-Bit Server VM (15+36-1562, mixed mode, sharing, tiered, compressed oops, g1 gc, windows-amd64)
GC Precious Log:
 CPUs: 4 total, 4 available
 Memory: 12207M
 Large Page Support: Disabled
 NUMA Support: Disabled
 Compressed Oops: Enabled (32-bit)
 Heap Region Size: 1M
 Heap Min Capacity: 256M
 Heap Initial Capacity: 256M
 Heap Max Capacity: 512M
 Pre-touch: Disabled
 Parallel Workers: 4
 Concurrent Workers: 1
 Concurrent Refinement Workers: 4
 Periodic GC: Disabled
Heap:
 garbage-first heap   total 262144K, used 28130K [0x00000000e0000000, 0x0000000100000000)
  region size 1024K, 11 young (11264K), 10 survivors (10240K)
 Metaspace       used 35185K, capacity 35882K, committed 36144K, reserved 286720K
  class space    used 4693K, capacity 4930K, committed 4992K, reserved 253952K
GC Heap History (10 events):
Event: 0.556 GC heap before
{Heap before GC invocations=0 (full 0):
 garbage-first heap   total 262144K, used 18432K [0x00000000e0000000, 0x0000000100000000)
  region size 1024K, 13 young (13312K), 0 survivors (0K)
 Metaspace       used 1657K, capacity 5145K, committed 5376K, reserved 262144K
  class space    used 161K, capacity 499K, committed 512K, reserved 253952K
}
Event: 0.560 GC heap after
{Heap after GC invocations=1 (full 0):
 garbage-first heap   total 262144K, used 8060K [0x00000000e0000000, 0x0000000100000000)
  region size 1024K, 2 young (2048K), 2 survivors (2048K)
 Metaspace       used 1657K, capacity 5145K, committed 5376K, reserved 262144K
  class space    used 161K, capacity 499K, committed 512K, reserved 253952K
}
Event: 0.967 GC heap before
{Heap before GC invocations=1 (full 0):
 garbage-first heap   total 262144K, used 19324K [0x00000000e0000000, 0x0000000100000000)
  region size 1024K, 13 young (13312K), 2 survivors (2048K)
 Metaspace       used 3854K, capacity 6469K, committed 6656K, reserved 262144K
  class space    used 474K, capacity 727K, committed 768K, reserved 253952K
}
Event: 0.971 GC heap after
{Heap after GC invocations=2 (full 0):
 garbage-first heap   total 262144K, used 8522K [0x00000000e0000000, 0x0000000100000000)
  region size 1024K, 1 young (1024K), 1 survivors (1024K)
 Metaspace       used 3854K, capacity 6469K, committed 6656K, reserved 262144K
  class space    used 474K, capacity 727K, committed 768K, reserved 253952K
}
Event: 1.366 GC heap before
{Heap before GC invocations=2 (full 0):
 garbage-first heap   total 262144K, used 31050K [0x00000000e0000000, 0x0000000100000000)
  region size 1024K, 24 young (24576K), 1 survivors (1024K)
 Metaspace       used 3991K, capacity 6533K, committed 6656K, reserved 262144K
  class space    used 477K, capacity 727K, committed 768K, reserved 253952K
}
Event: 1.370 GC heap after
{Heap after GC invocations=3 (full 0):
 garbage-first heap   total 262144K, used 11042K [0x00000000e0000000, 0x0000000100000000)
  region size 1024K, 3 young (3072K), 3 survivors (3072K)
 Metaspace       used 3991K, capacity 6533K, committed 6656K, reserved 262144K
  class space    used 477K, capacity 727K, committed 768K, reserved 253952K
}
Event: 3.899 GC heap before
{Heap before GC invocations=3 (full 0):
 garbage-first heap   total 262144K, used 104226K [0x00000000e0000000, 0x0000000100000000)
  region size 1024K, 95 young (97280K), 3 survivors (3072K)
 Metaspace       used 20737K, capacity 21150K, committed 21296K, reserved 272384K
  class space    used 2997K, capacity 3122K, committed 3200K, reserved 253952K
}
Event: 3.916 GC heap after
{Heap after GC invocations=4 (full 0):
 garbage-first heap   total 262144K, used 18599K [0x00000000e0000000, 0x0000000100000000)
  region size 1024K, 11 young (11264K), 11 survivors (11264K)
 Metaspace       used 20737K, capacity 21150K, committed 21296K, reserved 272384K
  class space    used 2997K, capacity 3122K, committed 3200K, reserved 253952K
}
Event: 9.850 GC heap before
{Heap before GC invocations=5 (full 0):
 garbage-first heap   total 262144K, used 115879K [0x00000000e0000000, 0x0000000100000000)
  region size 1024K, 104 young (106496K), 11 survivors (11264K)
 Metaspace       used 35165K, capacity 35818K, committed 35888K, reserved 286720K
  class space    used 4690K, capacity 4930K, committed 4992K, reserved 253952K
}
Event: 9.879 GC heap after
{Heap after GC invocations=6 (full 0):
 garbage-first heap   total 262144K, used 28130K [0x00000000e0000000, 0x0000000100000000)
  region size 1024K, 10 young (10240K), 10 survivors (10240K)
 Metaspace       used 35165K, capacity 35818K, committed 35888K, reserved 286720K
  class space    used 4690K, capacity 4930K, committed 4992K, reserved 253952K
}

