# JRE version: Java(TM) SE Runtime Environment (15.0+36) (build 15+36-1562)
# Java VM: Java HotSpot(TM) 64-Bit Server VM (15+36-1562, mixed mode, sharing, tiered, compressed oops, g1 gc, windows-amd64)
GC Precious Log:
 CPUs: 4 total, 4 available
 Memory: 12207M
 Large Page Support: Disabled
 NUMA Support: Disabled
 Compressed Oops: Enabled (32-bit)
 Heap Region Size: 1M
 Heap Min Capacity: 256M
 Heap Initial Capacity: 256M
 Heap Max Capacity: 512M
 Pre-touch: Disabled
 Parallel Workers: 4
 Concurrent Workers: 1
 Concurrent Refinement Workers: 4
 Periodic GC: Disabled
Heap:
 garbage-first heap   total 262144K, used 145220K [0x00000000e0000000, 0x0000000100000000)
  region size 1024K, 62 young (63488K), 11 survivors (11264K)
 Metaspace       used 84375K, capacity 86026K, committed 86224K, reserved 329728K
  class space    used 10727K, capacity 11134K, committed 11136K, reserved 253952K
GC Heap History (20 events):
Event: 1.876 GC heap before
{Heap before GC invocations=1 (full 0):
 garbage-first heap   total 262144K, used 20032K [0x00000000e0000000, 0x0000000100000000)
  region size 1024K, 14 young (14336K), 2 survivors (2048K)
 Metaspace       used 3898K, capacity 6533K, committed 6656K, reserved 262144K
  class space    used 474K, capacity 727K, committed 768K, reserved 253952K
}
Event: 1.880 GC heap after
{Heap after GC invocations=2 (full 0):
 garbage-first heap   total 262144K, used 8687K [0x00000000e0000000, 0x0000000100000000)
  region size 1024K, 1 young (1024K), 1 survivors (1024K)
 Metaspace       used 3898K, capacity 6533K, committed 6656K, reserved 262144K
  class space    used 474K, capacity 727K, committed 768K, reserved 253952K
}
Event: 2.681 GC heap before
{Heap before GC invocations=2 (full 0):
 garbage-first heap   total 262144K, used 32239K [0x00000000e0000000, 0x0000000100000000)
  region size 1024K, 25 young (25600K), 1 survivors (1024K)
 Metaspace       used 4060K, capacity 6533K, committed 6656K, reserved 262144K
  class space    used 478K, capacity 727K, committed 768K, reserved 253952K
}
Event: 2.684 GC heap after
{Heap after GC invocations=3 (full 0):
 garbage-first heap   total 262144K, used 12532K [0x00000000e0000000, 0x0000000100000000)
  region size 1024K, 4 young (4096K), 4 survivors (4096K)
 Metaspace       used 4060K, capacity 6533K, committed 6656K, reserved 262144K
  class space    used 478K, capacity 727K, committed 768K, reserved 253952K
}
Event: 6.872 GC heap before
{Heap before GC invocations=3 (full 0):
 garbage-first heap   total 262144K, used 103668K [0x00000000e0000000, 0x0000000100000000)
  region size 1024K, 94 young (96256K), 4 survivors (4096K)
 Metaspace       used 20751K, capacity 21150K, committed 21296K, reserved 272384K
  class space    used 2983K, capacity 3122K, committed 3200K, reserved 253952K
}
Event: 6.887 GC heap after
{Heap after GC invocations=4 (full 0):
 garbage-first heap   total 262144K, used 18963K [0x00000000e0000000, 0x0000000100000000)
  region size 1024K, 11 young (11264K), 11 survivors (11264K)
 Metaspace       used 20751K, capacity 21150K, committed 21296K, reserved 272384K
  class space    used 2983K, capacity 3122K, committed 3200K, reserved 253952K
}
Event: 14.341 GC heap before
{Heap before GC invocations=5 (full 0):
 garbage-first heap   total 262144K, used 116243K [0x00000000e0000000, 0x0000000100000000)
  region size 1024K, 104 young (106496K), 11 survivors (11264K)
 Metaspace       used 35137K, capacity 35786K, committed 35888K, reserved 286720K
  class space    used 4676K, capacity 4898K, committed 4992K, reserved 253952K
}
Event: 14.373 GC heap after
{Heap after GC invocations=6 (full 0):
 garbage-first heap   total 262144K, used 27899K [0x00000000e0000000, 0x0000000100000000)
  region size 1024K, 15 young (15360K), 15 survivors (15360K)
 Metaspace       used 35137K, capacity 35786K, committed 35888K, reserved 286720K
  class space    used 4676K, capacity 4898K, committed 4992K, reserved 253952K
}
Event: 18.822 GC heap before
{Heap before GC invocations=7 (full 0):
 garbage-first heap   total 262144K, used 172283K [0x00000000e0000000, 0x0000000100000000)
  region size 1024K, 153 young (156672K), 15 survivors (15360K)
 Metaspace       used 50545K, capacity 51385K, committed 51504K, reserved 299008K
  class space    used 6494K, capacity 6728K, committed 6784K, reserved 253952K
}
Event: 18.868 GC heap after
{Heap after GC invocations=8 (full 0):
 garbage-first heap   total 262144K, used 42506K [0x00000000e0000000, 0x0000000100000000)
  region size 1024K, 20 young (20480K), 20 survivors (20480K)
 Metaspace       used 50545K, capacity 51385K, committed 51504K, reserved 299008K
  class space    used 6494K, capacity 6728K, committed 6784K, reserved 253952K
}
Event: 25.950 GC heap before
{Heap before GC invocations=8 (full 0):
 garbage-first heap   total 262144K, used 161290K [0x00000000e0000000, 0x0000000100000000)
  region size 1024K, 137 young (140288K), 20 survivors (20480K)
 Metaspace       used 58954K, capacity 60070K, committed 60240K, reserved 307200K
  class space    used 7746K, capacity 8115K, committed 8192K, reserved 253952K
}
Event: 26.002 GC heap after
{Heap after GC invocations=9 (full 0):
 garbage-first heap   total 262144K, used 56269K [0x00000000e0000000, 0x0000000100000000)
  region size 1024K, 14 young (14336K), 14 survivors (14336K)
 Metaspace       used 58954K, capacity 60070K, committed 60240K, reserved 307200K
  class space    used 7746K, capacity 8115K, committed 8192K, reserved 253952K
}
Event: 30.632 GC heap before
{Heap before GC invocations=10 (full 0):
 garbage-first heap   total 262144K, used 196557K [0x00000000e0000000, 0x0000000100000000)
  region size 1024K, 152 young (155648K), 14 survivors (14336K)
 Metaspace       used 74398K, capacity 75923K, committed 76240K, reserved 321536K
  class space    used 9862K, capacity 10294K, committed 10368K, reserved 253952K
}
Event: 30.691 GC heap after
{Heap after GC invocations=11 (full 0):
 garbage-first heap   total 262144K, used 75264K [0x00000000e0000000, 0x0000000100000000)
  region size 1024K, 19 young (19456K), 19 survivors (19456K)
 Metaspace       used 74398K, capacity 75923K, committed 76240K, reserved 321536K
  class space    used 9862K, capacity 10294K, committed 10368K, reserved 253952K
}
Event: 34.665 GC heap before
{Heap before GC invocations=12 (full 0):
 garbage-first heap   total 262144K, used 197120K [0x00000000e0000000, 0x0000000100000000)
  region size 1024K, 139 young (142336K), 19 survivors (19456K)
 Metaspace       used 75918K, capacity 77477K, committed 77520K, reserved 321536K
  class space    used 9939K, capacity 10347K, committed 10368K, reserved 253952K
}
Event: 34.730 GC heap after
{Heap after GC invocations=13 (full 0):
 garbage-first heap   total 262144K, used 83456K [0x00000000e0000000, 0x0000000100000000)
  region size 1024K, 8 young (8192K), 8 survivors (8192K)
 Metaspace       used 75918K, capacity 77477K, committed 77520K, reserved 321536K
  class space    used 9939K, capacity 10347K, committed 10368K, reserved 253952K
}
Event: 43.555 GC heap before
{Heap before GC invocations=13 (full 0):
 garbage-first heap   total 262144K, used 202240K [0x00000000e0000000, 0x0000000100000000)
  region size 1024K, 125 young (128000K), 8 survivors (8192K)
 Metaspace       used 76636K, capacity 78198K, committed 78288K, reserved 323584K
  class space    used 9964K, capacity 10366K, committed 10368K, reserved 253952K
}
Event: 43.584 GC heap after
{Heap after GC invocations=14 (full 0):
 garbage-first heap   total 262144K, used 88576K [0x00000000e0000000, 0x0000000100000000)
  region size 1024K, 13 young (13312K), 13 survivors (13312K)
 Metaspace       used 76636K, capacity 78198K, committed 78288K, reserved 323584K
  class space    used 9964K, capacity 10366K, committed 10368K, reserved 253952K
}
Event: 46.461 GC heap before
{Heap before GC invocations=14 (full 0):
 garbage-first heap   total 262144K, used 208384K [0x00000000e0000000, 0x0000000100000000)
  region size 1024K, 129 young (132096K), 13 survivors (13312K)
 Metaspace       used 80091K, capacity 81580K, committed 81872K, reserved 325632K
  class space    used 10395K, capacity 10789K, committed 10880K, reserved 253952K
}
Event: 46.490 GC heap after
{Heap after GC invocations=15 (full 0):
 garbage-first heap   total 262144K, used 95044K [0x00000000e0000000, 0x0000000100000000)
  region size 1024K, 11 young (11264K), 11 survivors (11264K)
 Metaspace       used 80091K, capacity 81580K, committed 81872K, reserved 325632K
  class space    used 10395K, capacity 10789K, committed 10880K, reserved 253952K
}

