# JRE version: Java(TM) SE Runtime Environment (15.0+36) (build 15+36-1562)
# Java VM: Java HotSpot(TM) 64-Bit Server VM (15+36-1562, mixed mode, sharing, tiered, compressed oops, g1 gc, windows-amd64)
GC Precious Log:
 CPUs: 4 total, 4 available
 Memory: 12207M
 Large Page Support: Disabled
 NUMA Support: Disabled
 Compressed Oops: Enabled (32-bit)
 Heap Region Size: 1M
 Heap Min Capacity: 256M
 Heap Initial Capacity: 256M
 Heap Max Capacity: 512M
 Pre-touch: Disabled
 Parallel Workers: 4
 Concurrent Workers: 1
 Concurrent Refinement Workers: 4
 Periodic GC: Disabled
Heap:
 garbage-first heap   total 493568K, used 312514K [0x00000000e0000000, 0x0000000100000000)
  region size 1024K, 184 young (188416K), 16 survivors (16384K)
 Metaspace       used 133932K, capacity 137093K, committed 138416K, reserved 376832K
  class space    used 15553K, capacity 16512K, committed 16896K, reserved 253952K
GC Heap History (20 events):
Event: 22633.156 GC heap before
{Heap before GC invocations=210 (full 3):
 garbage-first heap   total 471040K, used 309489K [0x00000000e0000000, 0x0000000100000000)
  region size 1024K, 174 young (178176K), 9 survivors (9216K)
 Metaspace       used 133823K, capacity 137043K, committed 138160K, reserved 376832K
  class space    used 15560K, capacity 16534K, committed 16896K, reserved 253952K
}
Event: 22633.233 GC heap after
{Heap after GC invocations=211 (full 3):
 garbage-first heap   total 471040K, used 166752K [0x00000000e0000000, 0x0000000100000000)
  region size 1024K, 35 young (35840K), 35 survivors (35840K)
 Metaspace       used 133823K, capacity 137043K, committed 138160K, reserved 376832K
  class space    used 15560K, capacity 16534K, committed 16896K, reserved 253952K
}
Event: 22634.567 GC heap before
{Heap before GC invocations=212 (full 3):
 garbage-first heap   total 471040K, used 369504K [0x00000000e0000000, 0x0000000100000000)
  region size 1024K, 230 young (235520K), 35 survivors (35840K)
 Metaspace       used 133840K, capacity 137043K, committed 138160K, reserved 376832K
  class space    used 15560K, capacity 16534K, committed 16896K, reserved 253952K
}
Event: 22634.703 GC heap after
{Heap after GC invocations=213 (full 3):
 garbage-first heap   total 471040K, used 208490K [0x00000000e0000000, 0x0000000100000000)
  region size 1024K, 29 young (29696K), 29 survivors (29696K)
 Metaspace       used 133840K, capacity 137043K, committed 138160K, reserved 376832K
  class space    used 15560K, capacity 16534K, committed 16896K, reserved 253952K
}
Event: 22634.760 GC heap before
{Heap before GC invocations=213 (full 3):
 garbage-first heap   total 471040K, used 210538K [0x00000000e0000000, 0x0000000100000000)
  region size 1024K, 30 young (30720K), 29 survivors (29696K)
 Metaspace       used 133840K, capacity 137043K, committed 138160K, reserved 376832K
  class space    used 15560K, capacity 16534K, committed 16896K, reserved 253952K
}
Event: 22634.895 GC heap after
{Heap after GC invocations=214 (full 3):
 garbage-first heap   total 471040K, used 189661K [0x00000000e0000000, 0x0000000100000000)
  region size 1024K, 2 young (2048K), 2 survivors (2048K)
 Metaspace       used 133840K, capacity 137043K, committed 138160K, reserved 376832K
  class space    used 15560K, capacity 16534K, committed 16896K, reserved 253952K
}
Event: 22635.021 GC heap before
{Heap before GC invocations=214 (full 3):
 garbage-first heap   total 471040K, used 202973K [0x00000000e0000000, 0x0000000100000000)
  region size 1024K, 17 young (17408K), 2 survivors (2048K)
 Metaspace       used 133844K, capacity 137043K, committed 138160K, reserved 376832K
  class space    used 15560K, capacity 16534K, committed 16896K, reserved 253952K
}
Event: 22635.050 GC heap after
{Heap after GC invocations=215 (full 3):
 garbage-first heap   total 471040K, used 190384K [0x00000000e0000000, 0x0000000100000000)
  region size 1024K, 6 young (6144K), 6 survivors (6144K)
 Metaspace       used 133844K, capacity 137043K, committed 138160K, reserved 376832K
  class space    used 15560K, capacity 16534K, committed 16896K, reserved 253952K
}
Event: 22636.554 GC heap before
{Heap before GC invocations=216 (full 3):
 garbage-first heap   total 471040K, used 264112K [0x00000000e0000000, 0x0000000100000000)
  region size 1024K, 78 young (79872K), 6 survivors (6144K)
 Metaspace       used 133879K, capacity 137049K, committed 138160K, reserved 376832K
  class space    used 15561K, capacity 16535K, committed 16896K, reserved 253952K
}
Event: 22636.609 GC heap after
{Heap after GC invocations=217 (full 3):
 garbage-first heap   total 471040K, used 200093K [0x00000000e0000000, 0x0000000100000000)
  region size 1024K, 17 young (17408K), 17 survivors (17408K)
 Metaspace       used 133879K, capacity 137049K, committed 138160K, reserved 376832K
  class space    used 15561K, capacity 16535K, committed 16896K, reserved 253952K
}
Event: 22640.725 GC heap before
{Heap before GC invocations=218 (full 3):
 garbage-first heap   total 476160K, used 365981K [0x00000000e0000000, 0x0000000100000000)
  region size 1024K, 163 young (166912K), 17 survivors (17408K)
 Metaspace       used 133902K, capacity 137113K, committed 138160K, reserved 376832K
  class space    used 15561K, capacity 16535K, committed 16896K, reserved 253952K
}
Event: 22640.753 GC heap after
{Heap after GC invocations=219 (full 3):
 garbage-first heap   total 476160K, used 200582K [0x00000000e0000000, 0x0000000100000000)
  region size 1024K, 7 young (7168K), 7 survivors (7168K)
 Metaspace       used 133902K, capacity 137113K, committed 138160K, reserved 376832K
  class space    used 15561K, capacity 16535K, committed 16896K, reserved 253952K
}
Event: 22641.732 GC heap before
{Heap before GC invocations=219 (full 3):
 garbage-first heap   total 476160K, used 229254K [0x00000000e0000000, 0x0000000100000000)
  region size 1024K, 37 young (37888K), 7 survivors (7168K)
 Metaspace       used 133943K, capacity 137215K, committed 138160K, reserved 376832K
  class space    used 15566K, capacity 16544K, committed 16896K, reserved 253952K
}
Event: 22641.742 GC heap after
{Heap after GC invocations=220 (full 3):
 garbage-first heap   total 476160K, used 201061K [0x00000000e0000000, 0x0000000100000000)
  region size 1024K, 7 young (7168K), 7 survivors (7168K)
 Metaspace       used 133943K, capacity 137215K, committed 138160K, reserved 376832K
  class space    used 15566K, capacity 16544K, committed 16896K, reserved 253952K
}
Event: 22707.086 GC heap before
{Heap before GC invocations=221 (full 3):
 garbage-first heap   total 476160K, used 473445K [0x00000000e0000000, 0x0000000100000000)
  region size 1024K, 176 young (180224K), 7 survivors (7168K)
 Metaspace       used 134279K, capacity 137754K, committed 138160K, reserved 376832K
  class space    used 15659K, capacity 16703K, committed 16896K, reserved 253952K
}
Event: 22707.127 GC heap after
{Heap after GC invocations=222 (full 3):
 garbage-first heap   total 493568K, used 168326K [0x00000000e0000000, 0x0000000100000000)
  region size 1024K, 18 young (18432K), 18 survivors (18432K)
 Metaspace       used 134279K, capacity 137754K, committed 138160K, reserved 376832K
  class space    used 15659K, capacity 16703K, committed 16896K, reserved 253952K
}
Event: 22707.176 GC heap before
{Heap before GC invocations=222 (full 3):
 garbage-first heap   total 493568K, used 174470K [0x00000000e0000000, 0x0000000100000000)
  region size 1024K, 24 young (24576K), 18 survivors (18432K)
 Metaspace       used 134279K, capacity 137754K, committed 138160K, reserved 376832K
  class space    used 15659K, capacity 16703K, committed 16896K, reserved 253952K
}
Event: 22707.241 GC heap after
{Heap after GC invocations=223 (full 3):
 garbage-first heap   total 493568K, used 130847K [0x00000000e0000000, 0x0000000100000000)
  region size 1024K, 2 young (2048K), 2 survivors (2048K)
 Metaspace       used 134279K, capacity 137754K, committed 138160K, reserved 376832K
  class space    used 15659K, capacity 16703K, committed 16896K, reserved 253952K
}
Event: 23409.054 GC heap before
{Heap before GC invocations=223 (full 3):
 garbage-first heap   total 493568K, used 370463K [0x00000000e0000000, 0x0000000100000000)
  region size 1024K, 236 young (241664K), 2 survivors (2048K)
 Metaspace       used 134417K, capacity 137893K, committed 138416K, reserved 376832K
  class space    used 15668K, capacity 16719K, committed 16896K, reserved 253952K
}
Event: 23409.101 GC heap after
{Heap after GC invocations=224 (full 3):
 garbage-first heap   total 493568K, used 144578K [0x00000000e0000000, 0x0000000100000000)
  region size 1024K, 16 young (16384K), 16 survivors (16384K)
 Metaspace       used 134417K, capacity 137893K, committed 138416K, reserved 376832K
  class space    used 15668K, capacity 16719K, committed 16896K, reserved 253952K
}

